<?xml version="1.0" encoding="UTF-8"?>
<!-- Generated by org.testng.reporters.JUnitReportReporter -->
<testsuite hostname="WS-135" failures="0" tests="5" name="mavenb.Title47" time="29.080" errors="0" timestamp="2024-07-03T14:30:19 IST" skipped="0">
  <testcase classname="mavenb.Title47" name="loginWithRightCredentials" time="9.522"/>
  <testcase classname="mavenb.Title47" name="title47" time="1.141"/>
  <testcase classname="mavenb.Title47" name="carrier" time="5.573"/>
  <testcase classname="mavenb.Title47" name="editcarrier" time="9.646"/>
  <testcase classname="mavenb.Title47" name="deletecarrier" time="3.198"/>
</testsuite> <!-- mavenb.Title47 -->
