<?xml version="1.0" encoding="UTF-8"?>
<!-- Generated by org.testng.reporters.JUnitReportReporter -->
<testsuite hostname="WS-135" failures="0" tests="5" name="title47.Title47Main" time="62.581" errors="0" timestamp="2024-08-08T18:59:42 IST" skipped="0">
  <testcase classname="title47.Title47Main" name="setup" time="10.790"/>
  <testcase classname="title47.Title47Main" name="loginWithRightCredentials" time="5.616"/>
  <testcase classname="title47.Title47Main" name="title47" time="1.118"/>
  <testcase classname="title47.Title47Main" name="title47sub" time="13.338"/>
  <testcase classname="title47.Title47Main" name="addnewtitle" time="31.719"/>
</testsuite> <!-- title47.Title47Main -->
