<?xml version="1.0" encoding="UTF-8"?>
<!-- Generated by org.testng.reporters.JUnitReportReporter -->
<testsuite hostname="WS-135" failures="0" tests="2" name="Wireless.WJurisdictions" time="9.535" errors="0" timestamp="2024-07-04T11:57:03 IST" skipped="0">
  <testcase classname="Wireless.WJurisdictions" name="loginWithRightCredentials" time="7.378"/>
  <testcase classname="Wireless.WJurisdictions" name="wirelessmod" time="2.157"/>
</testsuite> <!-- Wireless.WJurisdictions -->
