<?xml version="1.0" encoding="UTF-8"?>
<!-- Generated by org.testng.reporters.JUnitReportReporter -->
<testsuite hostname="WS-135" failures="0" tests="4" name="Wireless.STATES" time="37.017" errors="0" timestamp="2024-08-08T12:04:12 IST" skipped="0">
  <testcase classname="Wireless.STATES" name="setup" time="11.567"/>
  <testcase classname="Wireless.STATES" name="loginWithRightCredentials" time="8.334"/>
  <testcase classname="Wireless.STATES" name="wirelessmod" time="2.097"/>
  <testcase classname="Wireless.STATES" name="States" time="15.019"/>
</testsuite> <!-- Wireless.STATES -->
