<?xml version="1.0" encoding="UTF-8"?>
<!-- Generated by org.testng.reporters.JUnitReportReporter -->
<testsuite hostname="WS-135" failures="0" tests="9" name="briefing.Briefing" time="164.133" errors="0" timestamp="2024-08-08T19:17:45 IST" skipped="0">
  <testcase classname="briefing.Briefing" name="beforeTest" time="11.428"/>
  <testcase classname="briefing.Briefing" name="login" time="8.474"/>
  <testcase classname="briefing.Briefing" name="briefing" time="2.140"/>
  <testcase classname="briefing.Briefing" name="searchbriefing" time="14.895"/>
  <testcase classname="briefing.Briefing" name="addnewbriefing" time="31.897"/>
  <testcase classname="briefing.Briefing" name="editbriefing" time="13.734"/>
  <testcase classname="briefing.Briefing" name="deletebriefing" time="6.256"/>
  <testcase classname="briefing.Briefing" name="addtype" time="34.028"/>
  <testcase classname="briefing.Briefing" name="addsubtype" time="41.281"/>
</testsuite> <!-- briefing.Briefing -->
