<?xml version="1.0" encoding="UTF-8"?>
<!-- Generated by org.testng.reporters.JUnitReportReporter -->
<testsuite hostname="WS-135" failures="0" tests="6" name="subscribers.subscriber" time="68.085" errors="0" timestamp="2024-08-08T18:59:42 IST" skipped="0">
  <testcase classname="subscribers.subscriber" name="setup" time="20.713"/>
  <testcase classname="subscribers.subscriber" name="loginWithRightCredentials" time="13.412"/>
  <testcase classname="subscribers.subscriber" name="subscriber1" time="12.484"/>
  <testcase classname="subscribers.subscriber" name="addsub" time="7.550"/>
  <testcase classname="subscribers.subscriber" name="editsubs" time="7.374"/>
  <testcase classname="subscribers.subscriber" name="deletesub" time="6.552"/>
</testsuite> <!-- subscribers.subscriber -->
