<?xml version="1.0" encoding="UTF-8"?>
<!-- Generated by org.testng.reporters.JUnitReportReporter -->
<testsuite hostname="WS-135" failures="0" tests="4" name="Wireless.WIRELESS" time="20.052" errors="0" timestamp="2024-07-04T12:24:00 IST" skipped="0">
  <testcase classname="Wireless.WIRELESS" name="loginWithRightCredentials" time="7.403"/>
  <testcase classname="Wireless.WIRELESS" name="wirelessmod" time="2.087"/>
  <testcase classname="Wireless.WIRELESS" name="States" time="9.465"/>
  <testcase classname="Wireless.WIRELESS" name="updates" time="1.097"/>
</testsuite> <!-- Wireless.WIRELESS -->
