<?xml version="1.0" encoding="UTF-8"?>
<!-- Generated by org.testng.reporters.JUnitReportReporter -->
<testsuite hostname="WS-135" failures="0" tests="2" name="mavenb.APP_ACTIVITY" time="24.466" errors="0" timestamp="2024-07-25T13:26:41 IST" skipped="0">
  <testcase classname="mavenb.APP_ACTIVITY" name="loginWithRightCredentials" time="7.392"/>
  <testcase classname="mavenb.APP_ACTIVITY" name="applicationactivity" time="17.074"/>
</testsuite> <!-- mavenb.APP_ACTIVITY -->
