<?xml version="1.0" encoding="UTF-8"?>
<!-- Generated by org.testng.reporters.JUnitReportReporter -->
<testsuite hostname="WS-135" failures="0" tests="5" name="ipr_rmd.IPR" time="99.546" errors="0" timestamp="2024-08-08T18:59:42 IST" skipped="0">
  <testcase classname="ipr_rmd.IPR" name="beforeTest" time="10.992"/>
  <testcase classname="ipr_rmd.IPR" name="login" time="6.401"/>
  <testcase classname="ipr_rmd.IPR" name="ipr" time="43.098"/>
  <testcase classname="ipr_rmd.IPR" name="rmdalrt" time="14.086"/>
  <testcase classname="ipr_rmd.IPR" name="rmdupdt" time="24.969"/>
</testsuite> <!-- ipr_rmd.IPR -->
