<?xml version="1.0" encoding="UTF-8"?>
<!-- Generated by org.testng.reporters.JUnitReportReporter -->
<testsuite hostname="WS-135" failures="0" tests="6" name="voip.voip" time="64.242" errors="0" timestamp="2024-08-08T12:01:12 IST" skipped="0">
  <testcase classname="voip.voip" name="beforeTest" time="11.433"/>
  <testcase classname="voip.voip" name="login" time="7.421"/>
  <testcase classname="voip.voip" name="voipmod" time="27.682"/>
  <testcase classname="voip.voip" name="updates" time="7.908"/>
  <testcase classname="voip.voip" name="editupdate" time="4.577"/>
  <testcase classname="voip.voip" name="deleteupdate" time="5.221"/>
</testsuite> <!-- voip.voip -->
