<?xml version="1.0" encoding="UTF-8"?>
<!-- Generated by org.testng.reporters.JUnitReportReporter -->
<testsuite hostname="WS-135" failures="0" tests="6" name="Wireless.Updates" time="69.836" errors="0" timestamp="2024-08-08T18:59:42 IST" skipped="0">
  <testcase classname="Wireless.Updates" name="setup" time="11.694"/>
  <testcase classname="Wireless.Updates" name="loginWithRightCredentials" time="6.289"/>
  <testcase classname="Wireless.Updates" name="wirelessmod" time="2.130"/>
  <testcase classname="Wireless.Updates" name="updates" time="31.717"/>
  <testcase classname="Wireless.Updates" name="Add" time="9.732"/>
  <testcase classname="Wireless.Updates" name="edit" time="8.274"/>
</testsuite> <!-- Wireless.Updates -->
