<?xml version="1.0" encoding="UTF-8"?>
<!-- Generated by org.testng.reporters.JUnitReportReporter -->
<testsuite hostname="WS-135" failures="0" tests="5" name="price_quote.Price_Quote_MAIN" time="205.409" errors="0" timestamp="2024-08-08T18:22:19 IST" skipped="0">
  <testcase classname="price_quote.Price_Quote_MAIN" name="SetUp_PriceQuote1" time="14.265"/>
  <testcase classname="price_quote.Price_Quote_MAIN" name="price_Quote_marketentry1" time="30.544"/>
  <testcase classname="price_quote.Price_Quote_MAIN" name="price_Quote_miscfees1" time="9.562"/>
  <testcase classname="price_quote.Price_Quote_MAIN" name="price_Quote_sub1" time="119.992"/>
  <testcase classname="price_quote.Price_Quote_MAIN" name="aftersave1" time="31.046"/>
</testsuite> <!-- price_quote.Price_Quote_MAIN -->
