<?xml version="1.0" encoding="UTF-8"?>
<!-- Generated by org.testng.reporters.JUnitReportReporter -->
<testsuite hostname="WS-135" failures="0" tests="4" name="ipr.IPR" time="89.425" errors="0" timestamp="2024-07-16T15:14:09 IST" skipped="0">
  <testcase classname="ipr.IPR" name="login" time="11.438"/>
  <testcase classname="ipr.IPR" name="ipr" time="42.582"/>
  <testcase classname="ipr.IPR" name="rmdalrt" time="14.109"/>
  <testcase classname="ipr.IPR" name="rmdupdt" time="21.296"/>
</testsuite> <!-- ipr.IPR -->
