<?xml version="1.0" encoding="UTF-8"?>
<!-- Generated by org.testng.reporters.JUnitReportReporter -->
<testsuite hostname="WS-135" failures="0" tests="6" name="tracit.Tractit" time="79.729" errors="0" timestamp="2024-08-08T18:59:42 IST" skipped="1">
  <testcase classname="tracit.Tractit" name="beforeTest" time="10.703"/>
  <testcase classname="tracit.Tractit" name="login" time="6.398"/>
  <testcase classname="tracit.Tractit" name="tracit" time="6.909"/>
  <testcase classname="tracit.Tractit" name="addtrac" time="41.521"/>
  <testcase classname="tracit.Tractit" name="tracitalert" time="14.198"/>
  <testcase classname="tracit.Tractit" name="carriertypes">
    <skipped/>
  </testcase> <!-- carriertypes -->
</testsuite> <!-- tracit.Tractit -->
