<?xml version="1.0" encoding="UTF-8"?>
<!-- Generated by org.testng.reporters.JUnitReportReporter -->
<testsuite hostname="WS-135" failures="0" tests="2" name="mavenb.PriceQuoteSub" time="22.822" errors="0" timestamp="2024-07-25T13:25:05 IST" skipped="0">
  <testcase classname="mavenb.PriceQuoteSub" name="loginWithRightCredentials" time="17.808"/>
  <testcase classname="mavenb.PriceQuoteSub" name="EditBaseRate" time="5.014"/>
</testsuite> <!-- mavenb.PriceQuoteSub -->
